\BOOKMARK [1][-]{section.1}{Left Most Digit}{}% 1
\BOOKMARK [2][-]{subsection.1.1}{Summary Stats}{section.1}% 2
\BOOKMARK [2][-]{subsection.1.2}{Effect of Left Digits When Prices Increase}{section.1}% 3
\BOOKMARK [3][-]{subsubsection.1.2.1}{Raw Patterns Showing the First Two Digits and the Probability to Sell}{subsection.1.2}% 4
\BOOKMARK [3][-]{subsubsection.1.2.2}{Raw Patterns Showing the Second Digit and the Probability to Sell}{subsection.1.2}% 5
\BOOKMARK [3][-]{subsubsection.1.2.3}{Simulated prices}{subsection.1.2}% 6
\BOOKMARK [3][-]{subsubsection.1.2.4}{Regressions}{subsection.1.2}% 7
\BOOKMARK [3][-]{subsubsection.1.2.5}{Regressions - Highest Quartile of Stocks Based on Volatility}{subsection.1.2}% 8
\BOOKMARK [3][-]{subsubsection.1.2.6}{Regressions - Lowest Quartile of Stocks Based on Volatility}{subsection.1.2}% 9
\BOOKMARK [3][-]{subsubsection.1.2.7}{Frequency of Observations in the Samples}{subsection.1.2}% 10
\BOOKMARK [2][-]{subsection.1.3}{Effect of Left Digits when Prices Decrease}{section.1}% 11
\BOOKMARK [3][-]{subsubsection.1.3.1}{Raw Patterns Showing the First Two Digits and the Probability to Sell}{subsection.1.3}% 12
\BOOKMARK [3][-]{subsubsection.1.3.2}{Raw Patterns Showing the Second Digit and the Probability to Sell}{subsection.1.3}% 13
\BOOKMARK [2][-]{subsection.1.4}{Regressions}{section.1}% 14
\BOOKMARK [3][-]{subsubsection.1.4.1}{Frequency of Observations in the Samples}{subsection.1.4}% 15
\BOOKMARK [2][-]{subsection.1.5}{Sell days with no login}{section.1}% 16
\BOOKMARK [2][-]{subsection.1.6}{Changes in the Second Left Most Digit}{section.1}% 17
\BOOKMARK [3][-]{subsubsection.1.6.1}{Raw Patterns Showing the First Three Digits and the Probability to Sell}{subsection.1.6}% 18
\BOOKMARK [3][-]{subsubsection.1.6.2}{Raw Patterns Showing the Third Digit and the Probability to Sell}{subsection.1.6}% 19
\BOOKMARK [1][-]{section.2}{Selling patterns when the peak price is the highest price experienced by the investor}{}% 20
\BOOKMARK [2][-]{subsection.2.1}{Definition of Peak Prices}{section.2}% 21
\BOOKMARK [2][-]{subsection.2.2}{Disposition Effect Since Latest Peak Price Day}{section.2}% 22
\BOOKMARK [2][-]{subsection.2.3}{Interaction Between DE Since Peak Price Day and DE Since Purchase Day}{section.2}% 23
\BOOKMARK [3][-]{subsubsection.2.3.1}{Why the effect of a gain since peak day is smaller in cases 2 to 4?}{subsection.2.3}% 24
\BOOKMARK [1][-]{section.3}{Selling patterns when the peak price is the highest price in the past year}{}% 25
\BOOKMARK [2][-]{subsection.3.1}{Definition of Peak Prices}{section.3}% 26
\BOOKMARK [2][-]{subsection.3.2}{Disposition Effect Since Latest Peak Price Day}{section.3}% 27
\BOOKMARK [3][-]{subsubsection.3.2.1}{Losses Since Peak Price Day}{subsection.3.2}% 28
\BOOKMARK [3][-]{subsubsection.3.2.2}{Gains Since Peak Day}{subsection.3.2}% 29
\BOOKMARK [2][-]{subsection.3.3}{DE Since Purchase Day vs Holding the Stock During the Peak Price Day}{section.3}% 30
\BOOKMARK [1][-]{section.4}{DE Since Purchase vs Recent Gains}{}% 31
